# JRE version: OpenJDK Runtime Environment Temurin-25.0.1+8 (25.0.1+8) (build 25.0.1+8-LTS)
# Java VM: OpenJDK 64-Bit Server VM Temurin-25.0.1+8 (25.0.1+8-LTS, mixed mode, emulated-client, sharing, tiered, compressed oops, compressed class ptrs, g1 gc, windows-amd64)
GC Precious Log:
 CardTable entry size: 512
 Card Set container configuration: InlinePtr #cards 5 size 8 Array Of Cards #cards 10 size 36 Howl #buckets 4 coarsen threshold 1843 Howl Bitmap #cards 512 size 80 coarsen threshold 460 Card regions per heap region 1 cards per card region 2048
 CPUs: 8 total, 8 available
 Memory: 7926M
 Large Page Support: Disabled
 NUMA Support: Disabled
 Compressed Oops: Enabled (32-bit)
 Heap Region Size: 1M
 Heap Min Capacity: 8M
 Heap Initial Capacity: 124M
 Heap Max Capacity: 1G
 Pre-touch: Disabled
 Parallel Workers: 8
 Concurrent Workers: 2
 Concurrent Refinement Workers: 8
 Periodic GC: Disabled
Heap:
 garbage-first heap   total reserved 1048576K, committed 102400K, used 50785K [0x00000000c0000000, 0x0000000100000000)
  region size 1024K, 1 young (1024K), 0 survivors (0K)
GC Heap Usage History (20 events):
Event: 13607.901 {heap After GC invocations=1230 (full 1151):
 garbage-first heap   total reserved 1048576K, committed 102400K, used 50785K [0x00000000c0000000, 0x0000000100000000)
  region size 1024K, 0 young (0K), 0 survivors (0K)
}
Event: 13618.080 {heap Before GC invocations=1230 (full 1151):
 garbage-first heap   total reserved 1048576K, committed 102400K, used 50785K [0x00000000c0000000, 0x0000000100000000)
  region size 1024K, 1 young (1024K), 0 survivors (0K)
}
Event: 13618.146 {heap After GC invocations=1231 (full 1152):
 garbage-first heap   total reserved 1048576K, committed 102400K, used 50785K [0x00000000c0000000, 0x0000000100000000)
  region size 1024K, 0 young (0K), 0 survivors (0K)
}
Event: 13628.380 {heap Before GC invocations=1231 (full 1152):
 garbage-first heap   total reserved 1048576K, committed 102400K, used 50785K [0x00000000c0000000, 0x0000000100000000)
  region size 1024K, 1 young (1024K), 0 survivors (0K)
}
Event: 13628.445 {heap After GC invocations=1232 (full 1153):
 garbage-first heap   total reserved 1048576K, committed 102400K, used 50785K [0x00000000c0000000, 0x0000000100000000)
  region size 1024K, 0 young (0K), 0 survivors (0K)
}
Event: 13639.569 {heap Before GC invocations=1232 (full 1153):
 garbage-first heap   total reserved 1048576K, committed 102400K, used 50785K [0x00000000c0000000, 0x0000000100000000)
  region size 1024K, 1 young (1024K), 0 survivors (0K)
}
Event: 13639.622 {heap After GC invocations=1233 (full 1154):
 garbage-first heap   total reserved 1048576K, committed 102400K, used 50785K [0x00000000c0000000, 0x0000000100000000)
  region size 1024K, 0 young (0K), 0 survivors (0K)
}
Event: 13649.810 {heap Before GC invocations=1233 (full 1154):
 garbage-first heap   total reserved 1048576K, committed 102400K, used 50785K [0x00000000c0000000, 0x0000000100000000)
  region size 1024K, 1 young (1024K), 0 survivors (0K)
}
Event: 13649.876 {heap After GC invocations=1234 (full 1155):
 garbage-first heap   total reserved 1048576K, committed 102400K, used 50785K [0x00000000c0000000, 0x0000000100000000)
  region size 1024K, 0 young (0K), 0 survivors (0K)
}
Event: 13660.087 {heap Before GC invocations=1234 (full 1155):
 garbage-first heap   total reserved 1048576K, committed 102400K, used 50785K [0x00000000c0000000, 0x0000000100000000)
  region size 1024K, 1 young (1024K), 0 survivors (0K)
}
Event: 13660.154 {heap After GC invocations=1235 (full 1156):
 garbage-first heap   total reserved 1048576K, committed 102400K, used 50785K [0x00000000c0000000, 0x0000000100000000)
  region size 1024K, 0 young (0K), 0 survivors (0K)
}
Event: 13670.352 {heap Before GC invocations=1235 (full 1156):
 garbage-first heap   total reserved 1048576K, committed 102400K, used 50785K [0x00000000c0000000, 0x0000000100000000)
  region size 1024K, 1 young (1024K), 0 survivors (0K)
}
Event: 13670.430 {heap After GC invocations=1236 (full 1157):
 garbage-first heap   total reserved 1048576K, committed 102400K, used 50785K [0x00000000c0000000, 0x0000000100000000)
  region size 1024K, 0 young (0K), 0 survivors (0K)
}
Event: 13680.632 {heap Before GC invocations=1236 (full 1157):
 garbage-first heap   total reserved 1048576K, committed 102400K, used 50785K [0x00000000c0000000, 0x0000000100000000)
  region size 1024K, 1 young (1024K), 0 survivors (0K)
}
Event: 13680.704 {heap After GC invocations=1237 (full 1158):
 garbage-first heap   total reserved 1048576K, committed 102400K, used 50785K [0x00000000c0000000, 0x0000000100000000)
  region size 1024K, 0 young (0K), 0 survivors (0K)
}
Event: 13690.908 {heap Before GC invocations=1237 (full 1158):
 garbage-first heap   total reserved 1048576K, committed 102400K, used 50785K [0x00000000c0000000, 0x0000000100000000)
  region size 1024K, 1 young (1024K), 0 survivors (0K)
}
Event: 13690.994 {heap After GC invocations=1238 (full 1159):
 garbage-first heap   total reserved 1048576K, committed 102400K, used 50785K [0x00000000c0000000, 0x0000000100000000)
  region size 1024K, 0 young (0K), 0 survivors (0K)
}
Event: 13701.174 {heap Before GC invocations=1238 (full 1159):
 garbage-first heap   total reserved 1048576K, committed 102400K, used 50785K [0x00000000c0000000, 0x0000000100000000)
  region size 1024K, 1 young (1024K), 0 survivors (0K)
}
Event: 13701.259 {heap After GC invocations=1239 (full 1160):
 garbage-first heap   total reserved 1048576K, committed 102400K, used 50785K [0x00000000c0000000, 0x0000000100000000)
  region size 1024K, 0 young (0K), 0 survivors (0K)
}
Event: 13711.296 {heap Before GC invocations=1239 (full 1160):
 garbage-first heap   total reserved 1048576K, committed 102400K, used 50785K [0x00000000c0000000, 0x0000000100000000)
  region size 1024K, 1 young (1024K), 0 survivors (0K)
}

